<?xml version="1.0" encoding="UTF-8"?>
<!-- Generated by org.testng.reporters.JUnitReportReporter -->
<testsuite skipped="0" hostname="Amish" name="Task2_WebProtector.WebProtector" tests="4" failures="0" timestamp="30 Aug 2020 11:24:18 GMT" time="13.335" errors="0">
  <testcase name="ValidateTitleOnUserListTable" time="3.741" classname="Task2_WebProtector.WebProtector"/>
  <testcase name="AddUserDetails" time="2.824" classname="Task2_WebProtector.WebProtector"/>
  <testcase name="AddUserDetails" time="5.774" classname="Task2_WebProtector.WebProtector"/>
  <testcase name="SearchAddedUsersInWebTable" time="0.996" classname="Task2_WebProtector.WebProtector"/>
</testsuite> <!-- Task2_WebProtector.WebProtector -->
